[1115/142804.808:ERROR:directory_reader_win.cc(43)] FindFirstFile: The system cannot find the path specified. (0x3)
[1115/143531.927:ERROR:directory_reader_win.cc(43)] FindFirstFile: The system cannot find the path specified. (0x3)
[1115/151226.578:ERROR:directory_reader_win.cc(43)] FindFirstFile: The system cannot find the path specified. (0x3)
[1115/151438.163:ERROR:directory_reader_win.cc(43)] FindFirstFile: The system cannot find the path specified. (0x3)
[1115/155940.651:ERROR:directory_reader_win.cc(43)] FindFirstFile: The system cannot find the path specified. (0x3)
[1115/160210.191:ERROR:directory_reader_win.cc(43)] FindFirstFile: The system cannot find the path specified. (0x3)
[1115/160544.077:ERROR:directory_reader_win.cc(43)] FindFirstFile: The system cannot find the path specified. (0x3)
[1115/161237.693:ERROR:directory_reader_win.cc(43)] FindFirstFile: The system cannot find the path specified. (0x3)
[1115/162427.108:ERROR:directory_reader_win.cc(43)] FindFirstFile: The system cannot find the path specified. (0x3)
[1115/162854.733:ERROR:directory_reader_win.cc(43)] FindFirstFile: The system cannot find the path specified. (0x3)
[1115/163627.622:ERROR:directory_reader_win.cc(43)] FindFirstFile: The system cannot find the path specified. (0x3)
[1115/164944.732:ERROR:directory_reader_win.cc(43)] FindFirstFile: The system cannot find the path specified. (0x3)
[1115/171442.899:ERROR:directory_reader_win.cc(43)] FindFirstFile: The system cannot find the path specified. (0x3)
[1115/171823.381:ERROR:directory_reader_win.cc(43)] FindFirstFile: The system cannot find the path specified. (0x3)
[1115/172102.443:ERROR:directory_reader_win.cc(43)] FindFirstFile: The system cannot find the path specified. (0x3)
[1115/172315.690:ERROR:directory_reader_win.cc(43)] FindFirstFile: The system cannot find the path specified. (0x3)
[1115/172405.692:ERROR:directory_reader_win.cc(43)] FindFirstFile: The system cannot find the path specified. (0x3)
[1115/172546.607:ERROR:directory_reader_win.cc(43)] FindFirstFile: The system cannot find the path specified. (0x3)
[1115/173701.079:ERROR:directory_reader_win.cc(43)] FindFirstFile: The system cannot find the path specified. (0x3)
[1115/173849.719:ERROR:directory_reader_win.cc(43)] FindFirstFile: The system cannot find the path specified. (0x3)
[1115/173947.614:ERROR:directory_reader_win.cc(43)] FindFirstFile: The system cannot find the path specified. (0x3)
[1115/174141.322:ERROR:directory_reader_win.cc(43)] FindFirstFile: The system cannot find the path specified. (0x3)
[1115/174352.953:ERROR:directory_reader_win.cc(43)] FindFirstFile: The system cannot find the path specified. (0x3)
[1115/174552.702:ERROR:directory_reader_win.cc(43)] FindFirstFile: The system cannot find the path specified. (0x3)
[1115/175014.868:ERROR:directory_reader_win.cc(43)] FindFirstFile: The system cannot find the path specified. (0x3)
[1115/175338.951:ERROR:directory_reader_win.cc(43)] FindFirstFile: The system cannot find the path specified. (0x3)
[1115/175610.468:ERROR:directory_reader_win.cc(43)] FindFirstFile: The system cannot find the path specified. (0x3)
[1117/214206.645:ERROR:process_reader_win.cc(123)] NtOpenThread: {Access Denied} A process has requested access to an object, but has not been granted those access rights. (0xc0000022)
[1117/214206.645:ERROR:process_reader_win.cc(123)] NtOpenThread: {Access Denied} A process has requested access to an object, but has not been granted those access rights. (0xc0000022)
[1117/214206.647:ERROR:exception_snapshot_win.cc(99)] thread ID 16216 not found in process
[1117/214206.647:ERROR:exception_snapshot_win.cc(99)] thread ID 7616 not found in process
[1117/214206.655:ERROR:process_reader_win.cc(123)] NtOpenThread: {Access Denied} A process has requested access to an object, but has not been granted those access rights. (0xc0000022)
[1117/214206.655:ERROR:exception_snapshot_win.cc(99)] thread ID 11692 not found in process
[1117/214206.661:ERROR:process_reader_win.cc(123)] NtOpenThread: {Access Denied} A process has requested access to an object, but has not been granted those access rights. (0xc0000022)
[1117/214206.661:ERROR:exception_snapshot_win.cc(99)] thread ID 16408 not found in process
[1117/214206.663:ERROR:process_reader_win.cc(123)] NtOpenThread: {Access Denied} A process has requested access to an object, but has not been granted those access rights. (0xc0000022)
[1117/214206.664:ERROR:exception_snapshot_win.cc(99)] thread ID 9444 not found in process
[1117/220301.564:ERROR:process_reader_win.cc(123)] NtOpenThread: {Access Denied} A process has requested access to an object, but has not been granted those access rights. (0xc0000022)
[1117/220301.564:ERROR:process_reader_win.cc(123)] NtOpenThread: {Access Denied} A process has requested access to an object, but has not been granted those access rights. (0xc0000022)
[1117/220301.565:ERROR:exception_snapshot_win.cc(99)] thread ID 18652 not found in process
[1117/220301.565:ERROR:exception_snapshot_win.cc(99)] thread ID 13336 not found in process
[1117/220301.571:ERROR:process_reader_win.cc(123)] NtOpenThread: {Access Denied} A process has requested access to an object, but has not been granted those access rights. (0xc0000022)
[1117/220301.571:ERROR:exception_snapshot_win.cc(99)] thread ID 18580 not found in process
[1117/220301.578:ERROR:process_reader_win.cc(123)] NtOpenThread: {Access Denied} A process has requested access to an object, but has not been granted those access rights. (0xc0000022)
[1117/220301.578:ERROR:process_reader_win.cc(123)] NtOpenThread: {Access Denied} A process has requested access to an object, but has not been granted those access rights. (0xc0000022)
[1117/220301.578:ERROR:exception_snapshot_win.cc(99)] thread ID 7228 not found in process
[1117/220301.578:ERROR:exception_snapshot_win.cc(99)] thread ID 8204 not found in process
[1117/220539.325:ERROR:process_reader_win.cc(151)] SuspendThread: Access is denied. (0x5)
[1117/220539.326:ERROR:process_reader_win.cc(123)] NtOpenThread: {Access Denied} A process has requested access to an object, but has not been granted those access rights. (0xc0000022)
[1117/220539.326:ERROR:exception_snapshot_win.cc(99)] thread ID 10420 not found in process
[1117/220539.330:ERROR:process_reader_win.cc(151)] SuspendThread: Access is denied. (0x5)
[1117/220539.330:ERROR:process_reader_win.cc(151)] SuspendThread: Access is denied. (0x5)
[1117/220539.330:ERROR:process_reader_win.cc(123)] NtOpenThread: {Access Denied} A process has requested access to an object, but has not been granted those access rights. (0xc0000022)
[1117/220539.330:ERROR:process_reader_win.cc(123)] NtOpenThread: {Access Denied} A process has requested access to an object, but has not been granted those access rights. (0xc0000022)
[1117/220539.330:ERROR:process_reader_win.cc(123)] NtOpenThread: {Access Denied} A process has requested access to an object, but has not been granted those access rights. (0xc0000022)
[1117/220539.330:ERROR:exception_snapshot_win.cc(99)] thread ID 10144 not found in process
[1117/220539.330:ERROR:exception_snapshot_win.cc(99)] thread ID 3864 not found in process
[1117/220539.331:ERROR:exception_snapshot_win.cc(99)] thread ID 15216 not found in process
[1117/220539.332:ERROR:process_reader_win.cc(151)] SuspendThread: Access is denied. (0x5)
[1117/220539.332:ERROR:process_reader_win.cc(123)] NtOpenThread: {Access Denied} A process has requested access to an object, but has not been granted those access rights. (0xc0000022)
[1117/220539.333:ERROR:exception_snapshot_win.cc(99)] thread ID 13332 not found in process
[1117/220539.333:ERROR:process_reader_win.cc(151)] SuspendThread: Access is denied. (0x5)
[1117/220539.333:ERROR:process_reader_win.cc(123)] NtOpenThread: {Access Denied} A process has requested access to an object, but has not been granted those access rights. (0xc0000022)
[1117/220539.333:ERROR:exception_snapshot_win.cc(99)] thread ID 16164 not found in process
[1117/220539.333:ERROR:process_reader_win.cc(123)] NtOpenThread: {Access Denied} A process has requested access to an object, but has not been granted those access rights. (0xc0000022)
[1117/220539.333:ERROR:exception_snapshot_win.cc(99)] thread ID 13064 not found in process
[1117/220539.336:ERROR:process_reader_win.cc(123)] NtOpenThread: {Access Denied} A process has requested access to an object, but has not been granted those access rights. (0xc0000022)
[1117/220539.337:ERROR:exception_snapshot_win.cc(99)] thread ID 6688 not found in process
[1117/220539.345:ERROR:process_reader_win.cc(123)] NtOpenThread: {Access Denied} A process has requested access to an object, but has not been granted those access rights. (0xc0000022)
[1117/220539.346:ERROR:exception_snapshot_win.cc(99)] thread ID 14516 not found in process
[1117/220539.349:ERROR:process_reader_win.cc(123)] NtOpenThread: {Access Denied} A process has requested access to an object, but has not been granted those access rights. (0xc0000022)
[1117/220539.349:ERROR:exception_snapshot_win.cc(99)] thread ID 3152 not found in process
[1117/220539.352:ERROR:process_reader_win.cc(123)] NtOpenThread: {Access Denied} A process has requested access to an object, but has not been granted those access rights. (0xc0000022)
[1117/220539.352:ERROR:exception_snapshot_win.cc(99)] thread ID 12232 not found in process
[1117/220539.354:ERROR:process_reader_win.cc(123)] NtOpenThread: {Access Denied} A process has requested access to an object, but has not been granted those access rights. (0xc0000022)
[1117/220539.354:ERROR:exception_snapshot_win.cc(99)] thread ID 14088 not found in process
[1117/220539.356:ERROR:process_reader_win.cc(123)] NtOpenThread: {Access Denied} A process has requested access to an object, but has not been granted those access rights. (0xc0000022)
[1117/220539.356:ERROR:exception_snapshot_win.cc(99)] thread ID 5972 not found in process
[1117/220539.358:ERROR:process_reader_win.cc(123)] NtOpenThread: {Access Denied} A process has requested access to an object, but has not been granted those access rights. (0xc0000022)
[1117/220539.358:ERROR:exception_snapshot_win.cc(99)] thread ID 11508 not found in process
[1117/220539.360:ERROR:process_reader_win.cc(123)] NtOpenThread: {Access Denied} A process has requested access to an object, but has not been granted those access rights. (0xc0000022)
[1117/220539.360:ERROR:exception_snapshot_win.cc(99)] thread ID 7900 not found in process
[1117/220539.364:ERROR:process_reader_win.cc(123)] NtOpenThread: {Access Denied} A process has requested access to an object, but has not been granted those access rights. (0xc0000022)
[1117/220539.364:ERROR:exception_snapshot_win.cc(99)] thread ID 1044 not found in process
[1118/001726.234:ERROR:process_reader_win.cc(123)] NtOpenThread: {Access Denied} A process has requested access to an object, but has not been granted those access rights. (0xc0000022)
[1118/001726.234:ERROR:process_reader_win.cc(123)] NtOpenThread: {Access Denied} A process has requested access to an object, but has not been granted those access rights. (0xc0000022)
[1118/001726.235:ERROR:exception_snapshot_win.cc(99)] thread ID 16956 not found in process
[1118/001726.235:ERROR:exception_snapshot_win.cc(99)] thread ID 17208 not found in process
[1118/001726.236:ERROR:process_reader_win.cc(123)] NtOpenThread: {Access Denied} A process has requested access to an object, but has not been granted those access rights. (0xc0000022)
[1118/001726.236:ERROR:process_reader_win.cc(123)] NtOpenThread: {Access Denied} A process has requested access to an object, but has not been granted those access rights. (0xc0000022)
[1118/001726.236:ERROR:exception_snapshot_win.cc(99)] thread ID 12284 not found in process
[1118/001726.236:ERROR:exception_snapshot_win.cc(99)] thread ID 11720 not found in process
[1118/001726.243:ERROR:process_reader_win.cc(123)] NtOpenThread: {Access Denied} A process has requested access to an object, but has not been granted those access rights. (0xc0000022)
[1118/001726.243:ERROR:exception_snapshot_win.cc(99)] thread ID 4568 not found in process
[1118/001726.247:ERROR:process_reader_win.cc(123)] NtOpenThread: {Access Denied} A process has requested access to an object, but has not been granted those access rights. (0xc0000022)
[1118/001726.247:ERROR:exception_snapshot_win.cc(99)] thread ID 14032 not found in process
[1118/001726.254:ERROR:process_reader_win.cc(123)] NtOpenThread: {Access Denied} A process has requested access to an object, but has not been granted those access rights. (0xc0000022)
[1118/001726.254:ERROR:exception_snapshot_win.cc(99)] thread ID 10024 not found in process
[1118/011638.074:ERROR:process_reader_win.cc(123)] NtOpenThread: {Access Denied} A process has requested access to an object, but has not been granted those access rights. (0xc0000022)
[1118/011638.074:ERROR:process_reader_win.cc(123)] NtOpenThread: {Access Denied} A process has requested access to an object, but has not been granted those access rights. (0xc0000022)
[1118/011638.075:ERROR:exception_snapshot_win.cc(99)] thread ID 14704 not found in process
[1118/011638.075:ERROR:exception_snapshot_win.cc(99)] thread ID 18504 not found in process
[1118/011638.086:ERROR:process_reader_win.cc(123)] NtOpenThread: {Access Denied} A process has requested access to an object, but has not been granted those access rights. (0xc0000022)
[1118/011638.087:ERROR:exception_snapshot_win.cc(99)] thread ID 19748 not found in process
[1118/011638.088:ERROR:process_reader_win.cc(123)] NtOpenThread: {Access Denied} A process has requested access to an object, but has not been granted those access rights. (0xc0000022)
[1118/011638.088:ERROR:exception_snapshot_win.cc(99)] thread ID 18796 not found in process
[1118/011638.091:ERROR:process_reader_win.cc(123)] NtOpenThread: {Access Denied} A process has requested access to an object, but has not been granted those access rights. (0xc0000022)
[1118/011638.091:ERROR:exception_snapshot_win.cc(99)] thread ID 12140 not found in process
[1118/215940.443:ERROR:process_reader_win.cc(123)] NtOpenThread: {Access Denied} A process has requested access to an object, but has not been granted those access rights. (0xc0000022)
[1118/215940.443:ERROR:process_reader_win.cc(123)] NtOpenThread: {Access Denied} A process has requested access to an object, but has not been granted those access rights. (0xc0000022)
[1118/215940.444:ERROR:exception_snapshot_win.cc(99)] thread ID 19940 not found in process
[1118/215940.444:ERROR:exception_snapshot_win.cc(99)] thread ID 16280 not found in process
[1118/215940.448:ERROR:process_reader_win.cc(123)] NtOpenThread: {Access Denied} A process has requested access to an object, but has not been granted those access rights. (0xc0000022)
[1118/215940.448:ERROR:exception_snapshot_win.cc(99)] thread ID 18172 not found in process
[1118/215940.451:ERROR:process_reader_win.cc(123)] NtOpenThread: {Access Denied} A process has requested access to an object, but has not been granted those access rights. (0xc0000022)
[1118/215940.451:ERROR:process_reader_win.cc(123)] NtOpenThread: {Access Denied} A process has requested access to an object, but has not been granted those access rights. (0xc0000022)
[1118/215940.451:ERROR:exception_snapshot_win.cc(99)] thread ID 14424 not found in process
[1118/215940.451:ERROR:exception_snapshot_win.cc(99)] thread ID 8880 not found in process
[1118/222130.972:ERROR:process_reader_win.cc(123)] NtOpenThread: {Access Denied} A process has requested access to an object, but has not been granted those access rights. (0xc0000022)
[1118/222130.974:ERROR:exception_snapshot_win.cc(99)] thread ID 20028 not found in process
[1118/222130.975:ERROR:process_reader_win.cc(123)] NtOpenThread: {Access Denied} A process has requested access to an object, but has not been granted those access rights. (0xc0000022)
[1118/222130.975:ERROR:exception_snapshot_win.cc(99)] thread ID 21172 not found in process
[1118/222130.978:ERROR:process_reader_win.cc(123)] NtOpenThread: {Access Denied} A process has requested access to an object, but has not been granted those access rights. (0xc0000022)
[1118/222130.978:ERROR:exception_snapshot_win.cc(99)] thread ID 18052 not found in process
[1118/222130.985:ERROR:process_reader_win.cc(123)] NtOpenThread: {Access Denied} A process has requested access to an object, but has not been granted those access rights. (0xc0000022)
[1118/222130.985:ERROR:exception_snapshot_win.cc(99)] thread ID 21180 not found in process
[1118/222130.987:ERROR:process_reader_win.cc(123)] NtOpenThread: {Access Denied} A process has requested access to an object, but has not been granted those access rights. (0xc0000022)
[1118/222130.987:ERROR:process_reader_win.cc(123)] NtOpenThread: {Access Denied} A process has requested access to an object, but has not been granted those access rights. (0xc0000022)
[1118/222130.988:ERROR:exception_snapshot_win.cc(99)] thread ID 19064 not found in process
[1118/222130.988:ERROR:exception_snapshot_win.cc(99)] thread ID 20584 not found in process
[1118/222627.974:ERROR:process_reader_win.cc(123)] NtOpenThread: {Access Denied} A process has requested access to an object, but has not been granted those access rights. (0xc0000022)
[1118/222627.975:ERROR:exception_snapshot_win.cc(99)] thread ID 20560 not found in process
[1118/222627.976:ERROR:process_reader_win.cc(123)] NtOpenThread: {Access Denied} A process has requested access to an object, but has not been granted those access rights. (0xc0000022)
[1118/222627.976:ERROR:exception_snapshot_win.cc(99)] thread ID 20776 not found in process
[1118/222627.986:ERROR:process_reader_win.cc(123)] NtOpenThread: {Access Denied} A process has requested access to an object, but has not been granted those access rights. (0xc0000022)
[1118/222627.986:ERROR:exception_snapshot_win.cc(99)] thread ID 21168 not found in process
[1118/222627.988:ERROR:process_reader_win.cc(123)] NtOpenThread: {Access Denied} A process has requested access to an object, but has not been granted those access rights. (0xc0000022)
[1118/222627.988:ERROR:exception_snapshot_win.cc(99)] thread ID 19956 not found in process
[1122/161725.656:ERROR:directory_reader_win.cc(43)] FindFirstFile: The system cannot find the path specified. (0x3)
[1122/162031.196:ERROR:directory_reader_win.cc(43)] FindFirstFile: The system cannot find the path specified. (0x3)
[1122/163525.791:ERROR:directory_reader_win.cc(43)] FindFirstFile: The system cannot find the path specified. (0x3)
[1122/174953.318:ERROR:directory_reader_win.cc(43)] FindFirstFile: The system cannot find the path specified. (0x3)
[1122/175010.051:ERROR:directory_reader_win.cc(43)] FindFirstFile: The system cannot find the path specified. (0x3)
[1122/175049.381:ERROR:directory_reader_win.cc(43)] FindFirstFile: The system cannot find the path specified. (0x3)
[1122/175445.525:ERROR:directory_reader_win.cc(43)] FindFirstFile: The system cannot find the path specified. (0x3)
[1122/175541.165:ERROR:directory_reader_win.cc(43)] FindFirstFile: The system cannot find the path specified. (0x3)
[1122/175845.773:ERROR:directory_reader_win.cc(43)] FindFirstFile: The system cannot find the path specified. (0x3)
[1122/180227.204:ERROR:directory_reader_win.cc(43)] FindFirstFile: The system cannot find the path specified. (0x3)
[1122/182846.815:ERROR:directory_reader_win.cc(43)] FindFirstFile: The system cannot find the path specified. (0x3)
[1122/183044.371:ERROR:directory_reader_win.cc(43)] FindFirstFile: The system cannot find the path specified. (0x3)
[1122/192837.663:ERROR:directory_reader_win.cc(43)] FindFirstFile: The system cannot find the path specified. (0x3)
[1122/193154.246:ERROR:process_reader_win.cc(151)] SuspendThread: Access is denied. (0x5)
[1122/193154.249:ERROR:process_reader_win.cc(151)] SuspendThread: Access is denied. (0x5)
[1122/193154.249:ERROR:process_reader_win.cc(151)] SuspendThread: Access is denied. (0x5)
[1122/193154.249:ERROR:process_reader_win.cc(123)] NtOpenThread: {Access Denied} A process has requested access to an object, but has not been granted those access rights. (0xc0000022)
[1122/193154.250:ERROR:exception_snapshot_win.cc(99)] thread ID 14980 not found in process
[1122/193154.263:ERROR:process_reader_win.cc(151)] SuspendThread: Access is denied. (0x5)
[1122/193154.263:ERROR:process_reader_win.cc(123)] NtOpenThread: {Access Denied} A process has requested access to an object, but has not been granted those access rights. (0xc0000022)
[1122/193154.264:ERROR:exception_snapshot_win.cc(99)] thread ID 18396 not found in process
[1122/193154.334:ERROR:process_reader_win.cc(151)] SuspendThread: Access is denied. (0x5)
[1122/193154.334:ERROR:process_reader_win.cc(151)] SuspendThread: Access is denied. (0x5)
[1122/193154.334:ERROR:process_reader_win.cc(151)] SuspendThread: Access is denied. (0x5)
[1122/193154.334:ERROR:process_reader_win.cc(151)] SuspendThread: Access is denied. (0x5)
[1122/193154.334:ERROR:process_reader_win.cc(123)] NtOpenThread: {Access Denied} A process has requested access to an object, but has not been granted those access rights. (0xc0000022)
[1122/193154.334:ERROR:exception_snapshot_win.cc(99)] thread ID 3740 not found in process
[1122/193154.378:ERROR:process_reader_win.cc(151)] SuspendThread: Access is denied. (0x5)
[1122/193154.378:ERROR:process_reader_win.cc(123)] NtOpenThread: {Access Denied} A process has requested access to an object, but has not been granted those access rights. (0xc0000022)
[1122/193154.379:ERROR:exception_snapshot_win.cc(99)] thread ID 18940 not found in process
[1122/193154.323:ERROR:process_reader_win.cc(151)] SuspendThread: Access is denied. (0x5)
[1122/193154.397:ERROR:process_reader_win.cc(123)] NtOpenThread: {Access Denied} A process has requested access to an object, but has not been granted those access rights. (0xc0000022)
[1122/193154.397:ERROR:exception_snapshot_win.cc(99)] thread ID 19640 not found in process
[1122/193154.449:ERROR:process_reader_win.cc(151)] SuspendThread: Access is denied. (0x5)
[1122/193154.450:ERROR:process_reader_win.cc(151)] SuspendThread: Access is denied. (0x5)
[1122/193154.450:ERROR:process_reader_win.cc(151)] SuspendThread: Access is denied. (0x5)
[1122/193154.450:ERROR:process_reader_win.cc(123)] NtOpenThread: {Access Denied} A process has requested access to an object, but has not been granted those access rights. (0xc0000022)
[1122/193154.450:ERROR:exception_snapshot_win.cc(99)] thread ID 23940 not found in process
[1122/193154.476:ERROR:process_reader_win.cc(151)] SuspendThread: Access is denied. (0x5)
[1122/193154.476:ERROR:process_reader_win.cc(151)] SuspendThread: Access is denied. (0x5)
[1122/193154.476:ERROR:process_reader_win.cc(123)] NtOpenThread: {Access Denied} A process has requested access to an object, but has not been granted those access rights. (0xc0000022)
[1122/193154.476:ERROR:exception_snapshot_win.cc(99)] thread ID 21276 not found in process
[1122/193154.496:ERROR:process_reader_win.cc(151)] SuspendThread: Access is denied. (0x5)
[1122/193154.496:ERROR:process_reader_win.cc(151)] SuspendThread: Access is denied. (0x5)
[1122/193154.496:ERROR:process_reader_win.cc(151)] SuspendThread: Access is denied. (0x5)
[1122/193154.496:ERROR:process_reader_win.cc(151)] SuspendThread: Access is denied. (0x5)
[1122/193154.496:ERROR:process_reader_win.cc(151)] SuspendThread: Access is denied. (0x5)
[1122/193154.496:ERROR:process_reader_win.cc(123)] NtOpenThread: {Access Denied} A process has requested access to an object, but has not been granted those access rights. (0xc0000022)
[1122/193154.497:ERROR:exception_snapshot_win.cc(99)] thread ID 23752 not found in process
[1122/193154.922:ERROR:process_reader_win.cc(151)] SuspendThread: Access is denied. (0x5)
[1122/193154.922:ERROR:process_reader_win.cc(151)] SuspendThread: Access is denied. (0x5)
[1122/193154.922:ERROR:process_reader_win.cc(151)] SuspendThread: Access is denied. (0x5)
[1122/193154.922:ERROR:process_reader_win.cc(151)] SuspendThread: Access is denied. (0x5)
[1122/193154.922:ERROR:process_reader_win.cc(151)] SuspendThread: Access is denied. (0x5)
[1122/193154.923:ERROR:process_reader_win.cc(151)] SuspendThread: Access is denied. (0x5)
[1122/193154.923:ERROR:process_reader_win.cc(151)] SuspendThread: Access is denied. (0x5)
[1122/193154.923:ERROR:process_reader_win.cc(151)] SuspendThread: Access is denied. (0x5)
[1122/193154.923:ERROR:process_reader_win.cc(151)] SuspendThread: Access is denied. (0x5)
[1122/193154.923:ERROR:process_reader_win.cc(151)] SuspendThread: Access is denied. (0x5)
[1122/193154.923:ERROR:process_reader_win.cc(151)] SuspendThread: Access is denied. (0x5)
[1122/193154.923:ERROR:process_reader_win.cc(151)] SuspendThread: Access is denied. (0x5)
[1122/193154.923:ERROR:process_reader_win.cc(151)] SuspendThread: Access is denied. (0x5)
[1122/193154.923:ERROR:process_reader_win.cc(151)] SuspendThread: Access is denied. (0x5)
[1122/193154.923:ERROR:process_reader_win.cc(151)] SuspendThread: Access is denied. (0x5)
[1122/193154.923:ERROR:process_reader_win.cc(151)] SuspendThread: Access is denied. (0x5)
[1122/193154.923:ERROR:process_reader_win.cc(151)] SuspendThread: Access is denied. (0x5)
[1122/193154.923:ERROR:process_reader_win.cc(151)] SuspendThread: Access is denied. (0x5)
[1122/193154.923:ERROR:process_reader_win.cc(123)] NtOpenThread: {Access Denied} A process has requested access to an object, but has not been granted those access rights. (0xc0000022)
[1122/193154.923:ERROR:exception_snapshot_win.cc(99)] thread ID 17228 not found in process
[1122/193154.924:ERROR:process_reader_win.cc(151)] SuspendThread: Access is denied. (0x5)
[1122/193154.924:ERROR:process_reader_win.cc(151)] SuspendThread: Access is denied. (0x5)
[1122/193154.924:ERROR:process_reader_win.cc(151)] SuspendThread: Access is denied. (0x5)
[1122/193154.924:ERROR:process_reader_win.cc(151)] SuspendThread: Access is denied. (0x5)
[1122/193154.924:ERROR:process_reader_win.cc(151)] SuspendThread: Access is denied. (0x5)
[1122/193154.924:ERROR:process_reader_win.cc(151)] SuspendThread: Access is denied. (0x5)
[1122/193154.924:ERROR:process_reader_win.cc(151)] SuspendThread: Access is denied. (0x5)
[1122/193154.924:ERROR:process_reader_win.cc(151)] SuspendThread: Access is denied. (0x5)
[1122/193154.924:ERROR:process_reader_win.cc(151)] SuspendThread: Access is denied. (0x5)
[1122/193154.924:ERROR:process_reader_win.cc(151)] SuspendThread: Access is denied. (0x5)
[1122/193154.924:ERROR:process_reader_win.cc(151)] SuspendThread: Access is denied. (0x5)
[1122/193154.924:ERROR:process_reader_win.cc(123)] NtOpenThread: {Access Denied} A process has requested access to an object, but has not been granted those access rights. (0xc0000022)
[1122/193154.924:ERROR:exception_snapshot_win.cc(99)] thread ID 19548 not found in process
[1122/194930.353:ERROR:process_reader_win.cc(151)] SuspendThread: Access is denied. (0x5)
[1122/194930.353:ERROR:process_reader_win.cc(151)] SuspendThread: Access is denied. (0x5)
[1122/194930.354:ERROR:process_reader_win.cc(123)] NtOpenThread: {Access Denied} A process has requested access to an object, but has not been granted those access rights. (0xc0000022)
[1122/194930.354:ERROR:exception_snapshot_win.cc(99)] thread ID 16172 not found in process
[1122/194930.374:ERROR:process_reader_win.cc(151)] SuspendThread: Access is denied. (0x5)
[1122/194930.374:ERROR:process_reader_win.cc(123)] NtOpenThread: {Access Denied} A process has requested access to an object, but has not been granted those access rights. (0xc0000022)
[1122/194930.374:ERROR:exception_snapshot_win.cc(99)] thread ID 17904 not found in process
[1122/194930.413:ERROR:process_reader_win.cc(151)] SuspendThread: Access is denied. (0x5)
[1122/194930.413:ERROR:process_reader_win.cc(151)] SuspendThread: Access is denied. (0x5)
[1122/194930.413:ERROR:process_reader_win.cc(151)] SuspendThread: Access is denied. (0x5)
[1122/194930.413:ERROR:process_reader_win.cc(151)] SuspendThread: Access is denied. (0x5)
[1122/194930.413:ERROR:process_reader_win.cc(123)] NtOpenThread: {Access Denied} A process has requested access to an object, but has not been granted those access rights. (0xc0000022)
[1122/194930.413:ERROR:exception_snapshot_win.cc(99)] thread ID 21800 not found in process
[1122/194930.419:ERROR:process_reader_win.cc(151)] SuspendThread: Access is denied. (0x5)
[1122/194930.419:ERROR:process_reader_win.cc(151)] SuspendThread: Access is denied. (0x5)
[1122/194930.419:ERROR:process_reader_win.cc(123)] NtOpenThread: {Access Denied} A process has requested access to an object, but has not been granted those access rights. (0xc0000022)
[1122/194930.419:ERROR:exception_snapshot_win.cc(99)] thread ID 19376 not found in process
[1122/194930.440:ERROR:process_reader_win.cc(151)] SuspendThread: Access is denied. (0x5)
[1122/194930.440:ERROR:process_reader_win.cc(151)] SuspendThread: Access is denied. (0x5)
[1122/194930.440:ERROR:process_reader_win.cc(151)] SuspendThread: Access is denied. (0x5)
[1122/194930.440:ERROR:process_reader_win.cc(151)] SuspendThread: Access is denied. (0x5)
[1122/194930.440:ERROR:process_reader_win.cc(151)] SuspendThread: Access is denied. (0x5)
[1122/194930.440:ERROR:process_reader_win.cc(151)] SuspendThread: Access is denied. (0x5)
[1122/194930.440:ERROR:process_reader_win.cc(151)] SuspendThread: Access is denied. (0x5)
[1122/194930.440:ERROR:process_reader_win.cc(151)] SuspendThread: Access is denied. (0x5)
[1122/194930.440:ERROR:process_reader_win.cc(151)] SuspendThread: Access is denied. (0x5)
[1122/194930.440:ERROR:process_reader_win.cc(151)] SuspendThread: Access is denied. (0x5)
[1122/194930.440:ERROR:process_reader_win.cc(151)] SuspendThread: Access is denied. (0x5)
[1122/194930.440:ERROR:process_reader_win.cc(151)] SuspendThread: Access is denied. (0x5)
[1122/194930.441:ERROR:process_reader_win.cc(151)] SuspendThread: Access is denied. (0x5)
[1122/194930.441:ERROR:process_reader_win.cc(123)] NtOpenThread: {Access Denied} A process has requested access to an object, but has not been granted those access rights. (0xc0000022)
[1122/194930.441:ERROR:exception_snapshot_win.cc(99)] thread ID 10360 not found in process
[1122/195920.543:ERROR:process_reader_win.cc(151)] SuspendThread: Access is denied. (0x5)
[1122/195920.543:ERROR:process_reader_win.cc(151)] SuspendThread: Access is denied. (0x5)
[1122/195920.544:ERROR:process_reader_win.cc(123)] NtOpenThread: {Access Denied} A process has requested access to an object, but has not been granted those access rights. (0xc0000022)
[1122/195920.544:ERROR:exception_snapshot_win.cc(99)] thread ID 4732 not found in process
[1122/195920.546:ERROR:process_reader_win.cc(151)] SuspendThread: Access is denied. (0x5)
[1122/195920.546:ERROR:process_reader_win.cc(151)] SuspendThread: Access is denied. (0x5)
[1122/195920.546:ERROR:process_reader_win.cc(151)] SuspendThread: Access is denied. (0x5)
[1122/195920.546:ERROR:process_reader_win.cc(151)] SuspendThread: Access is denied. (0x5)
[1122/195920.546:ERROR:process_reader_win.cc(123)] NtOpenThread: {Access Denied} A process has requested access to an object, but has not been granted those access rights. (0xc0000022)
[1122/195920.547:ERROR:exception_snapshot_win.cc(99)] thread ID 18020 not found in process
[1122/195920.549:ERROR:process_reader_win.cc(151)] SuspendThread: Access is denied. (0x5)
[1122/195920.549:ERROR:process_reader_win.cc(151)] SuspendThread: Access is denied. (0x5)
[1122/195920.549:ERROR:process_reader_win.cc(151)] SuspendThread: Access is denied. (0x5)
[1122/195920.549:ERROR:process_reader_win.cc(123)] NtOpenThread: {Access Denied} A process has requested access to an object, but has not been granted those access rights. (0xc0000022)
[1122/195920.549:ERROR:exception_snapshot_win.cc(99)] thread ID 24108 not found in process
[1122/195920.553:ERROR:process_reader_win.cc(151)] SuspendThread: Access is denied. (0x5)
[1122/195920.553:ERROR:process_reader_win.cc(123)] NtOpenThread: {Access Denied} A process has requested access to an object, but has not been granted those access rights. (0xc0000022)
[1122/195920.553:ERROR:exception_snapshot_win.cc(99)] thread ID 21172 not found in process
[1122/195920.575:ERROR:process_reader_win.cc(151)] SuspendThread: Access is denied. (0x5)
[1122/195920.575:ERROR:process_reader_win.cc(151)] SuspendThread: Access is denied. (0x5)
[1122/195920.575:ERROR:process_reader_win.cc(151)] SuspendThread: Access is denied. (0x5)
[1122/195920.576:ERROR:process_reader_win.cc(151)] SuspendThread: Access is denied. (0x5)
[1122/195920.576:ERROR:process_reader_win.cc(151)] SuspendThread: Access is denied. (0x5)
[1122/195920.576:ERROR:process_reader_win.cc(151)] SuspendThread: Access is denied. (0x5)
[1122/195920.576:ERROR:process_reader_win.cc(151)] SuspendThread: Access is denied. (0x5)
[1122/195920.576:ERROR:process_reader_win.cc(151)] SuspendThread: Access is denied. (0x5)
[1122/195920.576:ERROR:process_reader_win.cc(151)] SuspendThread: Access is denied. (0x5)
[1122/195920.576:ERROR:process_reader_win.cc(151)] SuspendThread: Access is denied. (0x5)
[1122/195920.576:ERROR:process_reader_win.cc(151)] SuspendThread: Access is denied. (0x5)
[1122/195920.576:ERROR:process_reader_win.cc(151)] SuspendThread: Access is denied. (0x5)
[1122/195920.576:ERROR:process_reader_win.cc(151)] SuspendThread: Access is denied. (0x5)
[1122/195920.576:ERROR:process_reader_win.cc(151)] SuspendThread: Access is denied. (0x5)
[1122/195920.576:ERROR:process_reader_win.cc(151)] SuspendThread: Access is denied. (0x5)
[1122/195920.576:ERROR:process_reader_win.cc(123)] NtOpenThread: {Access Denied} A process has requested access to an object, but has not been granted those access rights. (0xc0000022)
[1122/195920.576:ERROR:exception_snapshot_win.cc(99)] thread ID 18424 not found in process
[1122/195948.546:ERROR:process_reader_win.cc(151)] SuspendThread: Access is denied. (0x5)
[1122/195948.546:ERROR:process_reader_win.cc(151)] SuspendThread: Access is denied. (0x5)
[1122/195948.546:ERROR:process_reader_win.cc(123)] NtOpenThread: {Access Denied} A process has requested access to an object, but has not been granted those access rights. (0xc0000022)
[1122/195948.547:ERROR:exception_snapshot_win.cc(99)] thread ID 21408 not found in process
[1122/195948.580:ERROR:process_reader_win.cc(151)] SuspendThread: Access is denied. (0x5)
[1122/195948.580:ERROR:process_reader_win.cc(123)] NtOpenThread: {Access Denied} A process has requested access to an object, but has not been granted those access rights. (0xc0000022)
[1122/195948.580:ERROR:exception_snapshot_win.cc(99)] thread ID 22768 not found in process
[1122/195948.582:ERROR:process_reader_win.cc(151)] SuspendThread: Access is denied. (0x5)
[1122/195948.582:ERROR:process_reader_win.cc(151)] SuspendThread: Access is denied. (0x5)
[1122/195948.582:ERROR:process_reader_win.cc(151)] SuspendThread: Access is denied. (0x5)
[1122/195948.582:ERROR:process_reader_win.cc(123)] NtOpenThread: {Access Denied} A process has requested access to an object, but has not been granted those access rights. (0xc0000022)
[1122/195948.582:ERROR:exception_snapshot_win.cc(99)] thread ID 14992 not found in process
[1122/195948.587:ERROR:process_reader_win.cc(151)] SuspendThread: Access is denied. (0x5)
[1122/195948.587:ERROR:process_reader_win.cc(151)] SuspendThread: Access is denied. (0x5)
[1122/195948.587:ERROR:process_reader_win.cc(151)] SuspendThread: Access is denied. (0x5)
[1122/195948.587:ERROR:process_reader_win.cc(151)] SuspendThread: Access is denied. (0x5)
[1122/195948.587:ERROR:process_reader_win.cc(123)] NtOpenThread: {Access Denied} A process has requested access to an object, but has not been granted those access rights. (0xc0000022)
[1122/195948.587:ERROR:exception_snapshot_win.cc(99)] thread ID 20608 not found in process
[1122/195948.609:ERROR:process_reader_win.cc(151)] SuspendThread: Access is denied. (0x5)
[1122/195948.609:ERROR:process_reader_win.cc(151)] SuspendThread: Access is denied. (0x5)
[1122/195948.609:ERROR:process_reader_win.cc(151)] SuspendThread: Access is denied. (0x5)
[1122/195948.609:ERROR:process_reader_win.cc(151)] SuspendThread: Access is denied. (0x5)
[1122/195948.609:ERROR:process_reader_win.cc(151)] SuspendThread: Access is denied. (0x5)
[1122/195948.609:ERROR:process_reader_win.cc(151)] SuspendThread: Access is denied. (0x5)
[1122/195948.609:ERROR:process_reader_win.cc(151)] SuspendThread: Access is denied. (0x5)
[1122/195948.609:ERROR:process_reader_win.cc(151)] SuspendThread: Access is denied. (0x5)
[1122/195948.609:ERROR:process_reader_win.cc(151)] SuspendThread: Access is denied. (0x5)
[1122/195948.609:ERROR:process_reader_win.cc(151)] SuspendThread: Access is denied. (0x5)
[1122/195948.609:ERROR:process_reader_win.cc(151)] SuspendThread: Access is denied. (0x5)
[1122/195948.609:ERROR:process_reader_win.cc(151)] SuspendThread: Access is denied. (0x5)
[1122/195948.609:ERROR:process_reader_win.cc(151)] SuspendThread: Access is denied. (0x5)
[1122/195948.609:ERROR:process_reader_win.cc(151)] SuspendThread: Access is denied. (0x5)
[1122/195948.609:ERROR:process_reader_win.cc(151)] SuspendThread: Access is denied. (0x5)
[1122/195948.609:ERROR:process_reader_win.cc(151)] SuspendThread: Access is denied. (0x5)
[1122/195948.609:ERROR:process_reader_win.cc(123)] NtOpenThread: {Access Denied} A process has requested access to an object, but has not been granted those access rights. (0xc0000022)
[1122/195948.609:ERROR:exception_snapshot_win.cc(99)] thread ID 24368 not found in process
[1122/200249.597:ERROR:process_reader_win.cc(151)] SuspendThread: Access is denied. (0x5)
[1122/200249.599:ERROR:process_reader_win.cc(151)] SuspendThread: Access is denied. (0x5)
[1122/200249.599:ERROR:process_reader_win.cc(123)] NtOpenThread: {Access Denied} A process has requested access to an object, but has not been granted those access rights. (0xc0000022)
[1122/200249.599:ERROR:exception_snapshot_win.cc(99)] thread ID 24096 not found in process
[1122/200249.618:ERROR:process_reader_win.cc(151)] SuspendThread: Access is denied. (0x5)
[1122/200249.618:ERROR:process_reader_win.cc(123)] NtOpenThread: {Access Denied} A process has requested access to an object, but has not been granted those access rights. (0xc0000022)
[1122/200249.618:ERROR:exception_snapshot_win.cc(99)] thread ID 18580 not found in process
[1122/200249.620:ERROR:process_reader_win.cc(151)] SuspendThread: Access is denied. (0x5)
[1122/200249.620:ERROR:process_reader_win.cc(151)] SuspendThread: Access is denied. (0x5)
[1122/200249.620:ERROR:process_reader_win.cc(151)] SuspendThread: Access is denied. (0x5)
[1122/200249.620:ERROR:process_reader_win.cc(151)] SuspendThread: Access is denied. (0x5)
[1122/200249.620:ERROR:process_reader_win.cc(151)] SuspendThread: Access is denied. (0x5)
[1122/200249.620:ERROR:process_reader_win.cc(123)] NtOpenThread: {Access Denied} A process has requested access to an object, but has not been granted those access rights. (0xc0000022)
[1122/200249.620:ERROR:exception_snapshot_win.cc(99)] thread ID 17228 not found in process
[1122/200249.627:ERROR:process_reader_win.cc(151)] SuspendThread: Access is denied. (0x5)
[1122/200249.627:ERROR:process_reader_win.cc(151)] SuspendThread: Access is denied. (0x5)
[1122/200249.627:ERROR:process_reader_win.cc(123)] NtOpenThread: {Access Denied} A process has requested access to an object, but has not been granted those access rights. (0xc0000022)
[1122/200249.627:ERROR:exception_snapshot_win.cc(99)] thread ID 23676 not found in process
[1122/200249.634:ERROR:process_reader_win.cc(151)] SuspendThread: Access is denied. (0x5)
[1122/200249.634:ERROR:process_reader_win.cc(123)] NtOpenThread: {Access Denied} A process has requested access to an object, but has not been granted those access rights. (0xc0000022)
[1122/200249.634:ERROR:exception_snapshot_win.cc(99)] thread ID 21332 not found in process
[1122/200249.639:ERROR:process_reader_win.cc(151)] SuspendThread: Access is denied. (0x5)
[1122/200249.639:ERROR:process_reader_win.cc(151)] SuspendThread: Access is denied. (0x5)
[1122/200249.639:ERROR:process_reader_win.cc(151)] SuspendThread: Access is denied. (0x5)
[1122/200249.639:ERROR:process_reader_win.cc(151)] SuspendThread: Access is denied. (0x5)
[1122/200249.639:ERROR:process_reader_win.cc(151)] SuspendThread: Access is denied. (0x5)
[1122/200249.639:ERROR:process_reader_win.cc(151)] SuspendThread: Access is denied. (0x5)
[1122/200249.639:ERROR:process_reader_win.cc(151)] SuspendThread: Access is denied. (0x5)
[1122/200249.639:ERROR:process_reader_win.cc(151)] SuspendThread: Access is denied. (0x5)
[1122/200249.639:ERROR:process_reader_win.cc(151)] SuspendThread: Access is denied. (0x5)
[1122/200249.640:ERROR:process_reader_win.cc(151)] SuspendThread: Access is denied. (0x5)
[1122/200249.640:ERROR:process_reader_win.cc(123)] NtOpenThread: {Access Denied} A process has requested access to an object, but has not been granted those access rights. (0xc0000022)
[1122/200249.640:ERROR:exception_snapshot_win.cc(99)] thread ID 16600 not found in process
[1122/200603.646:ERROR:process_reader_win.cc(151)] SuspendThread: Access is denied. (0x5)
[1122/200603.646:ERROR:process_reader_win.cc(123)] NtOpenThread: {Access Denied} A process has requested access to an object, but has not been granted those access rights. (0xc0000022)
[1122/200603.647:ERROR:exception_snapshot_win.cc(99)] thread ID 21392 not found in process
[1122/200603.655:ERROR:process_reader_win.cc(151)] SuspendThread: Access is denied. (0x5)
[1122/200603.655:ERROR:process_reader_win.cc(151)] SuspendThread: Access is denied. (0x5)
[1122/200603.655:ERROR:process_reader_win.cc(123)] NtOpenThread: {Access Denied} A process has requested access to an object, but has not been granted those access rights. (0xc0000022)
[1122/200603.656:ERROR:exception_snapshot_win.cc(99)] thread ID 23968 not found in process
[1122/200603.662:ERROR:process_reader_win.cc(151)] SuspendThread: Access is denied. (0x5)
[1122/200603.662:ERROR:process_reader_win.cc(151)] SuspendThread: Access is denied. (0x5)
[1122/200603.662:ERROR:process_reader_win.cc(151)] SuspendThread: Access is denied. (0x5)
[1122/200603.662:ERROR:process_reader_win.cc(151)] SuspendThread: Access is denied. (0x5)
[1122/200603.662:ERROR:process_reader_win.cc(123)] NtOpenThread: {Access Denied} A process has requested access to an object, but has not been granted those access rights. (0xc0000022)
[1122/200603.662:ERROR:exception_snapshot_win.cc(99)] thread ID 4324 not found in process
[1122/200603.666:ERROR:process_reader_win.cc(151)] SuspendThread: Access is denied. (0x5)
[1122/200603.666:ERROR:process_reader_win.cc(123)] NtOpenThread: {Access Denied} A process has requested access to an object, but has not been granted those access rights. (0xc0000022)
[1122/200603.666:ERROR:exception_snapshot_win.cc(99)] thread ID 13844 not found in process
[1122/200603.673:ERROR:process_reader_win.cc(123)] NtOpenThread: {Access Denied} A process has requested access to an object, but has not been granted those access rights. (0xc0000022)
[1122/200603.673:ERROR:exception_snapshot_win.cc(99)] thread ID 22872 not found in process
[1122/200603.684:ERROR:process_reader_win.cc(151)] SuspendThread: Access is denied. (0x5)
[1122/200603.686:ERROR:process_reader_win.cc(151)] SuspendThread: Access is denied. (0x5)
[1122/200603.687:ERROR:process_reader_win.cc(151)] SuspendThread: Access is denied. (0x5)
[1122/200603.687:ERROR:process_reader_win.cc(151)] SuspendThread: Access is denied. (0x5)
[1122/200603.687:ERROR:process_reader_win.cc(151)] SuspendThread: Access is denied. (0x5)
[1122/200603.687:ERROR:process_reader_win.cc(151)] SuspendThread: Access is denied. (0x5)
[1122/200603.687:ERROR:process_reader_win.cc(151)] SuspendThread: Access is denied. (0x5)
[1122/200603.687:ERROR:process_reader_win.cc(151)] SuspendThread: Access is denied. (0x5)
[1122/200603.687:ERROR:process_reader_win.cc(151)] SuspendThread: Access is denied. (0x5)
[1122/200603.687:ERROR:process_reader_win.cc(151)] SuspendThread: Access is denied. (0x5)
[1122/200603.687:ERROR:process_reader_win.cc(151)] SuspendThread: Access is denied. (0x5)
[1122/200603.687:ERROR:process_reader_win.cc(151)] SuspendThread: Access is denied. (0x5)
[1122/200603.687:ERROR:process_reader_win.cc(151)] SuspendThread: Access is denied. (0x5)
[1122/200603.687:ERROR:process_reader_win.cc(123)] NtOpenThread: {Access Denied} A process has requested access to an object, but has not been granted those access rights. (0xc0000022)
[1122/200603.687:ERROR:exception_snapshot_win.cc(99)] thread ID 10036 not found in process
[1122/200844.096:ERROR:process_reader_win.cc(151)] SuspendThread: Access is denied. (0x5)
[1122/200844.097:ERROR:process_reader_win.cc(123)] NtOpenThread: {Access Denied} A process has requested access to an object, but has not been granted those access rights. (0xc0000022)
[1122/200844.097:ERROR:exception_snapshot_win.cc(99)] thread ID 8872 not found in process
[1122/200844.138:ERROR:process_reader_win.cc(151)] SuspendThread: Access is denied. (0x5)
[1122/200844.138:ERROR:process_reader_win.cc(123)] NtOpenThread: {Access Denied} A process has requested access to an object, but has not been granted those access rights. (0xc0000022)
[1122/200844.138:ERROR:exception_snapshot_win.cc(99)] thread ID 16660 not found in process
[1122/200844.171:ERROR:process_reader_win.cc(151)] SuspendThread: Access is denied. (0x5)
[1122/200844.171:ERROR:process_reader_win.cc(151)] SuspendThread: Access is denied. (0x5)
[1122/200844.171:ERROR:process_reader_win.cc(151)] SuspendThread: Access is denied. (0x5)
[1122/200844.172:ERROR:process_reader_win.cc(151)] SuspendThread: Access is denied. (0x5)
[1122/200844.172:ERROR:process_reader_win.cc(151)] SuspendThread: Access is denied. (0x5)
[1122/200844.172:ERROR:process_reader_win.cc(123)] NtOpenThread: {Access Denied} A process has requested access to an object, but has not been granted those access rights. (0xc0000022)
[1122/200844.172:ERROR:exception_snapshot_win.cc(99)] thread ID 21712 not found in process
[1122/200844.177:ERROR:process_reader_win.cc(151)] SuspendThread: Access is denied. (0x5)
[1122/200844.177:ERROR:process_reader_win.cc(151)] SuspendThread: Access is denied. (0x5)
[1122/200844.177:ERROR:process_reader_win.cc(123)] NtOpenThread: {Access Denied} A process has requested access to an object, but has not been granted those access rights. (0xc0000022)
[1122/200844.177:ERROR:exception_snapshot_win.cc(99)] thread ID 19736 not found in process
[1122/200844.179:ERROR:process_reader_win.cc(151)] SuspendThread: Access is denied. (0x5)
[1122/200844.179:ERROR:process_reader_win.cc(151)] SuspendThread: Access is denied. (0x5)
[1122/200844.179:ERROR:process_reader_win.cc(123)] NtOpenThread: {Access Denied} A process has requested access to an object, but has not been granted those access rights. (0xc0000022)
[1122/200844.179:ERROR:exception_snapshot_win.cc(99)] thread ID 20212 not found in process
[1122/200844.214:ERROR:process_reader_win.cc(151)] SuspendThread: Access is denied. (0x5)
[1122/200844.214:ERROR:process_reader_win.cc(151)] SuspendThread: Access is denied. (0x5)
[1122/200844.214:ERROR:process_reader_win.cc(151)] SuspendThread: Access is denied. (0x5)
[1122/200844.214:ERROR:process_reader_win.cc(151)] SuspendThread: Access is denied. (0x5)
[1122/200844.214:ERROR:process_reader_win.cc(151)] SuspendThread: Access is denied. (0x5)
[1122/200844.215:ERROR:process_reader_win.cc(151)] SuspendThread: Access is denied. (0x5)
[1122/200844.215:ERROR:process_reader_win.cc(151)] SuspendThread: Access is denied. (0x5)
[1122/200844.215:ERROR:process_reader_win.cc(151)] SuspendThread: Access is denied. (0x5)
[1122/200844.215:ERROR:process_reader_win.cc(151)] SuspendThread: Access is denied. (0x5)
[1122/200844.215:ERROR:process_reader_win.cc(151)] SuspendThread: Access is denied. (0x5)
[1122/200844.215:ERROR:process_reader_win.cc(151)] SuspendThread: Access is denied. (0x5)
[1122/200844.215:ERROR:process_reader_win.cc(123)] NtOpenThread: {Access Denied} A process has requested access to an object, but has not been granted those access rights. (0xc0000022)
[1122/200844.215:ERROR:exception_snapshot_win.cc(99)] thread ID 21020 not found in process
[1122/201226.911:ERROR:process_reader_win.cc(151)] SuspendThread: Access is denied. (0x5)
[1122/201226.912:ERROR:process_reader_win.cc(123)] NtOpenThread: {Access Denied} A process has requested access to an object, but has not been granted those access rights. (0xc0000022)
[1122/201226.913:ERROR:exception_snapshot_win.cc(99)] thread ID 18592 not found in process
[1122/201226.950:ERROR:process_reader_win.cc(151)] SuspendThread: Access is denied. (0x5)
[1122/201226.950:ERROR:process_reader_win.cc(151)] SuspendThread: Access is denied. (0x5)
[1122/201226.950:ERROR:process_reader_win.cc(151)] SuspendThread: Access is denied. (0x5)
[1122/201226.950:ERROR:process_reader_win.cc(151)] SuspendThread: Access is denied. (0x5)
[1122/201226.950:ERROR:process_reader_win.cc(151)] SuspendThread: Access is denied. (0x5)
[1122/201226.950:ERROR:process_reader_win.cc(151)] SuspendThread: Access is denied. (0x5)
[1122/201226.950:ERROR:process_reader_win.cc(123)] NtOpenThread: {Access Denied} A process has requested access to an object, but has not been granted those access rights. (0xc0000022)
[1122/201226.950:ERROR:exception_snapshot_win.cc(99)] thread ID 20872 not found in process
[1122/201226.981:ERROR:process_reader_win.cc(151)] SuspendThread: Access is denied. (0x5)
[1122/201226.981:ERROR:process_reader_win.cc(151)] SuspendThread: Access is denied. (0x5)
[1122/201226.981:ERROR:process_reader_win.cc(123)] NtOpenThread: {Access Denied} A process has requested access to an object, but has not been granted those access rights. (0xc0000022)
[1122/201226.981:ERROR:exception_snapshot_win.cc(99)] thread ID 22908 not found in process
[1122/201226.983:ERROR:process_reader_win.cc(151)] SuspendThread: Access is denied. (0x5)
[1122/201226.983:ERROR:process_reader_win.cc(123)] NtOpenThread: {Access Denied} A process has requested access to an object, but has not been granted those access rights. (0xc0000022)
[1122/201226.983:ERROR:exception_snapshot_win.cc(99)] thread ID 18832 not found in process
[1122/201226.993:ERROR:process_reader_win.cc(123)] NtOpenThread: {Access Denied} A process has requested access to an object, but has not been granted those access rights. (0xc0000022)
[1122/201226.994:ERROR:exception_snapshot_win.cc(99)] thread ID 19712 not found in process
[1122/201227.004:ERROR:process_reader_win.cc(151)] SuspendThread: Access is denied. (0x5)
[1122/201227.004:ERROR:process_reader_win.cc(151)] SuspendThread: Access is denied. (0x5)
[1122/201227.004:ERROR:process_reader_win.cc(151)] SuspendThread: Access is denied. (0x5)
[1122/201227.004:ERROR:process_reader_win.cc(151)] SuspendThread: Access is denied. (0x5)
[1122/201227.004:ERROR:process_reader_win.cc(151)] SuspendThread: Access is denied. (0x5)
[1122/201227.004:ERROR:process_reader_win.cc(151)] SuspendThread: Access is denied. (0x5)
[1122/201227.005:ERROR:process_reader_win.cc(151)] SuspendThread: Access is denied. (0x5)
[1122/201227.005:ERROR:process_reader_win.cc(151)] SuspendThread: Access is denied. (0x5)
[1122/201227.005:ERROR:process_reader_win.cc(151)] SuspendThread: Access is denied. (0x5)
[1122/201227.005:ERROR:process_reader_win.cc(151)] SuspendThread: Access is denied. (0x5)
[1122/201227.005:ERROR:process_reader_win.cc(123)] NtOpenThread: {Access Denied} A process has requested access to an object, but has not been granted those access rights. (0xc0000022)
[1122/201227.005:ERROR:exception_snapshot_win.cc(99)] thread ID 21256 not found in process
[1122/201623.169:ERROR:process_reader_win.cc(151)] SuspendThread: Access is denied. (0x5)
[1122/201623.169:ERROR:process_reader_win.cc(151)] SuspendThread: Access is denied. (0x5)
[1122/201623.170:ERROR:process_reader_win.cc(123)] NtOpenThread: {Access Denied} A process has requested access to an object, but has not been granted those access rights. (0xc0000022)
[1122/201623.170:ERROR:process_reader_win.cc(123)] NtOpenThread: {Access Denied} A process has requested access to an object, but has not been granted those access rights. (0xc0000022)
[1122/201623.170:ERROR:exception_snapshot_win.cc(99)] thread ID 19716 not found in process
[1122/201623.170:ERROR:exception_snapshot_win.cc(99)] thread ID 19500 not found in process
[1122/201623.176:ERROR:process_reader_win.cc(151)] SuspendThread: Access is denied. (0x5)
[1122/201623.176:ERROR:process_reader_win.cc(151)] SuspendThread: Access is denied. (0x5)
[1122/201623.176:ERROR:process_reader_win.cc(151)] SuspendThread: Access is denied. (0x5)
[1122/201623.176:ERROR:process_reader_win.cc(151)] SuspendThread: Access is denied. (0x5)
[1122/201623.176:ERROR:process_reader_win.cc(151)] SuspendThread: Access is denied. (0x5)
[1122/201623.176:ERROR:process_reader_win.cc(151)] SuspendThread: Access is denied. (0x5)
[1122/201623.176:ERROR:process_reader_win.cc(123)] NtOpenThread: {Access Denied} A process has requested access to an object, but has not been granted those access rights. (0xc0000022)
[1122/201623.176:ERROR:exception_snapshot_win.cc(99)] thread ID 21452 not found in process
[1122/201623.187:ERROR:process_reader_win.cc(151)] SuspendThread: Access is denied. (0x5)
[1122/201623.187:ERROR:process_reader_win.cc(151)] SuspendThread: Access is denied. (0x5)
[1122/201623.187:ERROR:process_reader_win.cc(123)] NtOpenThread: {Access Denied} A process has requested access to an object, but has not been granted those access rights. (0xc0000022)
[1122/201623.187:ERROR:exception_snapshot_win.cc(99)] thread ID 1636 not found in process
[1122/201623.210:ERROR:process_reader_win.cc(151)] SuspendThread: Access is denied. (0x5)
[1122/201623.210:ERROR:process_reader_win.cc(151)] SuspendThread: Access is denied. (0x5)
[1122/201623.210:ERROR:process_reader_win.cc(151)] SuspendThread: Access is denied. (0x5)
[1122/201623.210:ERROR:process_reader_win.cc(151)] SuspendThread: Access is denied. (0x5)
[1122/201623.210:ERROR:process_reader_win.cc(151)] SuspendThread: Access is denied. (0x5)
[1122/201623.210:ERROR:process_reader_win.cc(151)] SuspendThread: Access is denied. (0x5)
[1122/201623.210:ERROR:process_reader_win.cc(151)] SuspendThread: Access is denied. (0x5)
[1122/201623.210:ERROR:process_reader_win.cc(151)] SuspendThread: Access is denied. (0x5)
[1122/201623.210:ERROR:process_reader_win.cc(151)] SuspendThread: Access is denied. (0x5)
[1122/201623.210:ERROR:process_reader_win.cc(151)] SuspendThread: Access is denied. (0x5)
[1122/201623.210:ERROR:process_reader_win.cc(151)] SuspendThread: Access is denied. (0x5)
[1122/201623.210:ERROR:process_reader_win.cc(151)] SuspendThread: Access is denied. (0x5)
[1122/201623.210:ERROR:process_reader_win.cc(151)] SuspendThread: Access is denied. (0x5)
[1122/201623.210:ERROR:process_reader_win.cc(151)] SuspendThread: Access is denied. (0x5)
[1122/201623.210:ERROR:process_reader_win.cc(123)] NtOpenThread: {Access Denied} A process has requested access to an object, but has not been granted those access rights. (0xc0000022)
[1122/201623.210:ERROR:exception_snapshot_win.cc(99)] thread ID 24048 not found in process
[1122/201623.221:ERROR:process_reader_win.cc(123)] NtOpenThread: {Access Denied} A process has requested access to an object, but has not been granted those access rights. (0xc0000022)
[1122/201623.221:ERROR:exception_snapshot_win.cc(99)] thread ID 20860 not found in process
[1123/153918.889:ERROR:directory_reader_win.cc(43)] FindFirstFile: The system cannot find the path specified. (0x3)
[1123/154307.518:ERROR:directory_reader_win.cc(43)] FindFirstFile: The system cannot find the path specified. (0x3)
[1123/154349.852:ERROR:directory_reader_win.cc(43)] FindFirstFile: The system cannot find the path specified. (0x3)
[1123/161107.066:ERROR:directory_reader_win.cc(43)] FindFirstFile: The system cannot find the path specified. (0x3)
[1123/161808.690:ERROR:directory_reader_win.cc(43)] FindFirstFile: The system cannot find the path specified. (0x3)
[1123/185209.999:ERROR:process_reader_win.cc(123)] NtOpenThread: {Access Denied} A process has requested access to an object, but has not been granted those access rights. (0xc0000022)
[1123/185210.001:ERROR:exception_snapshot_win.cc(99)] thread ID 23444 not found in process
[1123/185210.005:ERROR:process_reader_win.cc(123)] NtOpenThread: {Access Denied} A process has requested access to an object, but has not been granted those access rights. (0xc0000022)
[1123/185210.005:ERROR:exception_snapshot_win.cc(99)] thread ID 13688 not found in process
[1123/185210.013:ERROR:process_reader_win.cc(123)] NtOpenThread: {Access Denied} A process has requested access to an object, but has not been granted those access rights. (0xc0000022)
[1123/185210.013:ERROR:exception_snapshot_win.cc(99)] thread ID 18996 not found in process
[1123/185210.023:ERROR:process_reader_win.cc(123)] NtOpenThread: {Access Denied} A process has requested access to an object, but has not been granted those access rights. (0xc0000022)
[1123/185210.023:ERROR:exception_snapshot_win.cc(99)] thread ID 10600 not found in process
[1123/185210.033:ERROR:process_reader_win.cc(123)] NtOpenThread: {Access Denied} A process has requested access to an object, but has not been granted those access rights. (0xc0000022)
[1123/185210.033:ERROR:exception_snapshot_win.cc(99)] thread ID 2672 not found in process
[1123/185313.454:ERROR:process_reader_win.cc(123)] NtOpenThread: {Access Denied} A process has requested access to an object, but has not been granted those access rights. (0xc0000022)
[1123/185313.454:ERROR:process_reader_win.cc(123)] NtOpenThread: {Access Denied} A process has requested access to an object, but has not been granted those access rights. (0xc0000022)
[1123/185313.454:ERROR:process_reader_win.cc(123)] NtOpenThread: {Access Denied} A process has requested access to an object, but has not been granted those access rights. (0xc0000022)
[1123/185313.455:ERROR:exception_snapshot_win.cc(99)] thread ID 24692 not found in process
[1123/185313.455:ERROR:exception_snapshot_win.cc(99)] thread ID 24512 not found in process
[1123/185313.455:ERROR:exception_snapshot_win.cc(99)] thread ID 22352 not found in process
[1123/185313.463:ERROR:process_reader_win.cc(123)] NtOpenThread: {Access Denied} A process has requested access to an object, but has not been granted those access rights. (0xc0000022)
[1123/185313.463:ERROR:exception_snapshot_win.cc(99)] thread ID 11824 not found in process
[1123/185313.467:ERROR:process_reader_win.cc(123)] NtOpenThread: {Access Denied} A process has requested access to an object, but has not been granted those access rights. (0xc0000022)
[1123/185313.467:ERROR:exception_snapshot_win.cc(99)] thread ID 24096 not found in process
[1123/185313.475:ERROR:process_reader_win.cc(123)] NtOpenThread: {Access Denied} A process has requested access to an object, but has not been granted those access rights. (0xc0000022)
[1123/185313.475:ERROR:exception_snapshot_win.cc(99)] thread ID 22532 not found in process
[1123/185448.059:ERROR:process_reader_win.cc(123)] NtOpenThread: {Access Denied} A process has requested access to an object, but has not been granted those access rights. (0xc0000022)
[1123/185448.059:ERROR:process_reader_win.cc(123)] NtOpenThread: {Access Denied} A process has requested access to an object, but has not been granted those access rights. (0xc0000022)
[1123/185448.060:ERROR:exception_snapshot_win.cc(99)] thread ID 21120 not found in process
[1123/185448.060:ERROR:exception_snapshot_win.cc(99)] thread ID 24868 not found in process
[1123/185448.064:ERROR:process_reader_win.cc(123)] NtOpenThread: {Access Denied} A process has requested access to an object, but has not been granted those access rights. (0xc0000022)
[1123/185448.064:ERROR:exception_snapshot_win.cc(99)] thread ID 25236 not found in process
[1123/185448.075:ERROR:process_reader_win.cc(123)] NtOpenThread: {Access Denied} A process has requested access to an object, but has not been granted those access rights. (0xc0000022)
[1123/185448.075:ERROR:exception_snapshot_win.cc(99)] thread ID 9968 not found in process
[1123/185448.080:ERROR:process_reader_win.cc(123)] NtOpenThread: {Access Denied} A process has requested access to an object, but has not been granted those access rights. (0xc0000022)
[1123/185448.080:ERROR:exception_snapshot_win.cc(99)] thread ID 6136 not found in process
[1123/185448.087:ERROR:process_reader_win.cc(123)] NtOpenThread: {Access Denied} A process has requested access to an object, but has not been granted those access rights. (0xc0000022)
[1123/185448.087:ERROR:exception_snapshot_win.cc(99)] thread ID 17312 not found in process
[1123/185544.344:ERROR:process_reader_win.cc(123)] NtOpenThread: {Access Denied} A process has requested access to an object, but has not been granted those access rights. (0xc0000022)
[1123/185544.344:ERROR:process_reader_win.cc(123)] NtOpenThread: {Access Denied} A process has requested access to an object, but has not been granted those access rights. (0xc0000022)
[1123/185544.345:ERROR:exception_snapshot_win.cc(99)] thread ID 25352 not found in process
[1123/185544.345:ERROR:exception_snapshot_win.cc(99)] thread ID 22604 not found in process
[1123/185544.353:ERROR:process_reader_win.cc(123)] NtOpenThread: {Access Denied} A process has requested access to an object, but has not been granted those access rights. (0xc0000022)
[1123/185544.353:ERROR:exception_snapshot_win.cc(99)] thread ID 13992 not found in process
[1123/185544.362:ERROR:process_reader_win.cc(123)] NtOpenThread: {Access Denied} A process has requested access to an object, but has not been granted those access rights. (0xc0000022)
[1123/185544.362:ERROR:exception_snapshot_win.cc(99)] thread ID 18288 not found in process
[1123/185544.365:ERROR:process_reader_win.cc(123)] NtOpenThread: {Access Denied} A process has requested access to an object, but has not been granted those access rights. (0xc0000022)
[1123/185544.365:ERROR:exception_snapshot_win.cc(99)] thread ID 13780 not found in process
[1123/185851.583:ERROR:process_reader_win.cc(123)] NtOpenThread: {Access Denied} A process has requested access to an object, but has not been granted those access rights. (0xc0000022)
[1123/185851.583:ERROR:process_reader_win.cc(123)] NtOpenThread: {Access Denied} A process has requested access to an object, but has not been granted those access rights. (0xc0000022)
[1123/185851.584:ERROR:exception_snapshot_win.cc(99)] thread ID 18304 not found in process
[1123/185851.584:ERROR:exception_snapshot_win.cc(99)] thread ID 3932 not found in process
[1123/185851.594:ERROR:process_reader_win.cc(123)] NtOpenThread: {Access Denied} A process has requested access to an object, but has not been granted those access rights. (0xc0000022)
[1123/185851.594:ERROR:exception_snapshot_win.cc(99)] thread ID 17144 not found in process
[1123/185851.595:ERROR:process_reader_win.cc(123)] NtOpenThread: {Access Denied} A process has requested access to an object, but has not been granted those access rights. (0xc0000022)
[1123/185851.595:ERROR:exception_snapshot_win.cc(99)] thread ID 5344 not found in process
[1123/185851.602:ERROR:process_reader_win.cc(123)] NtOpenThread: {Access Denied} A process has requested access to an object, but has not been granted those access rights. (0xc0000022)
[1123/185851.602:ERROR:exception_snapshot_win.cc(99)] thread ID 18824 not found in process
[1123/194940.128:ERROR:process_reader_win.cc(123)] NtOpenThread: {Access Denied} A process has requested access to an object, but has not been granted those access rights. (0xc0000022)
[1123/194940.129:ERROR:exception_snapshot_win.cc(99)] thread ID 1504 not found in process
[1123/194940.130:ERROR:process_reader_win.cc(123)] NtOpenThread: {Access Denied} A process has requested access to an object, but has not been granted those access rights. (0xc0000022)
[1123/194940.130:ERROR:process_reader_win.cc(123)] NtOpenThread: {Access Denied} A process has requested access to an object, but has not been granted those access rights. (0xc0000022)
[1123/194940.130:ERROR:exception_snapshot_win.cc(99)] thread ID 16468 not found in process
[1123/194940.131:ERROR:exception_snapshot_win.cc(99)] thread ID 15320 not found in process
[1123/194940.136:ERROR:process_reader_win.cc(123)] NtOpenThread: {Access Denied} A process has requested access to an object, but has not been granted those access rights. (0xc0000022)
[1123/194940.137:ERROR:exception_snapshot_win.cc(99)] thread ID 11384 not found in process
[1123/194940.141:ERROR:process_reader_win.cc(123)] NtOpenThread: {Access Denied} A process has requested access to an object, but has not been granted those access rights. (0xc0000022)
[1123/194940.142:ERROR:exception_snapshot_win.cc(99)] thread ID 17260 not found in process
[1123/194940.144:ERROR:process_reader_win.cc(123)] NtOpenThread: {Access Denied} A process has requested access to an object, but has not been granted those access rights. (0xc0000022)
[1123/194940.144:ERROR:exception_snapshot_win.cc(99)] thread ID 12928 not found in process
[1123/195150.077:ERROR:process_reader_win.cc(123)] NtOpenThread: {Access Denied} A process has requested access to an object, but has not been granted those access rights. (0xc0000022)
[1123/195150.078:ERROR:process_reader_win.cc(123)] NtOpenThread: {Access Denied} A process has requested access to an object, but has not been granted those access rights. (0xc0000022)
[1123/195150.078:ERROR:exception_snapshot_win.cc(99)] thread ID 11008 not found in process
[1123/195150.078:ERROR:exception_snapshot_win.cc(99)] thread ID 12480 not found in process
[1123/195150.081:ERROR:process_reader_win.cc(123)] NtOpenThread: {Access Denied} A process has requested access to an object, but has not been granted those access rights. (0xc0000022)
[1123/195150.081:ERROR:exception_snapshot_win.cc(99)] thread ID 14744 not found in process
[1123/195150.090:ERROR:process_reader_win.cc(123)] NtOpenThread: {Access Denied} A process has requested access to an object, but has not been granted those access rights. (0xc0000022)
[1123/195150.090:ERROR:process_reader_win.cc(123)] NtOpenThread: {Access Denied} A process has requested access to an object, but has not been granted those access rights. (0xc0000022)
[1123/195150.090:ERROR:exception_snapshot_win.cc(99)] thread ID 13736 not found in process
[1123/195150.090:ERROR:exception_snapshot_win.cc(99)] thread ID 15936 not found in process
[1123/195150.099:ERROR:process_reader_win.cc(123)] NtOpenThread: {Access Denied} A process has requested access to an object, but has not been granted those access rights. (0xc0000022)
[1123/195150.099:ERROR:exception_snapshot_win.cc(99)] thread ID 18352 not found in process
[1123/195304.855:ERROR:process_reader_win.cc(123)] NtOpenThread: {Access Denied} A process has requested access to an object, but has not been granted those access rights. (0xc0000022)
[1123/195304.856:ERROR:exception_snapshot_win.cc(99)] thread ID 12696 not found in process
[1123/195304.857:ERROR:process_reader_win.cc(123)] NtOpenThread: {Access Denied} A process has requested access to an object, but has not been granted those access rights. (0xc0000022)
[1123/195304.857:ERROR:exception_snapshot_win.cc(99)] thread ID 6516 not found in process
[1123/195304.857:ERROR:process_reader_win.cc(123)] NtOpenThread: {Access Denied} A process has requested access to an object, but has not been granted those access rights. (0xc0000022)
[1123/195304.857:ERROR:exception_snapshot_win.cc(99)] thread ID 8612 not found in process
[1123/195304.865:ERROR:process_reader_win.cc(123)] NtOpenThread: {Access Denied} A process has requested access to an object, but has not been granted those access rights. (0xc0000022)
[1123/195304.865:ERROR:exception_snapshot_win.cc(99)] thread ID 10156 not found in process
[1123/195304.869:ERROR:process_reader_win.cc(123)] NtOpenThread: {Access Denied} A process has requested access to an object, but has not been granted those access rights. (0xc0000022)
[1123/195304.869:ERROR:exception_snapshot_win.cc(99)] thread ID 9752 not found in process
[1123/203540.718:ERROR:directory_reader_win.cc(43)] FindFirstFile: The system cannot find the path specified. (0x3)
[1123/203922.332:ERROR:process_reader_win.cc(123)] NtOpenThread: {Access Denied} A process has requested access to an object, but has not been granted those access rights. (0xc0000022)
[1123/203922.334:ERROR:exception_snapshot_win.cc(99)] thread ID 16432 not found in process
[1123/203922.334:ERROR:process_reader_win.cc(123)] NtOpenThread: {Access Denied} A process has requested access to an object, but has not been granted those access rights. (0xc0000022)
[1123/203922.334:ERROR:exception_snapshot_win.cc(99)] thread ID 11580 not found in process
[1123/203922.335:ERROR:process_reader_win.cc(123)] NtOpenThread: {Access Denied} A process has requested access to an object, but has not been granted those access rights. (0xc0000022)
[1123/203922.335:ERROR:exception_snapshot_win.cc(99)] thread ID 18224 not found in process
[1123/203922.345:ERROR:process_reader_win.cc(123)] NtOpenThread: {Access Denied} A process has requested access to an object, but has not been granted those access rights. (0xc0000022)
[1123/203922.346:ERROR:exception_snapshot_win.cc(99)] thread ID 12688 not found in process
[1123/203922.346:ERROR:process_reader_win.cc(123)] NtOpenThread: {Access Denied} A process has requested access to an object, but has not been granted those access rights. (0xc0000022)
[1123/203922.346:ERROR:exception_snapshot_win.cc(99)] thread ID 14532 not found in process
[1123/203922.399:ERROR:process_reader_win.cc(123)] NtOpenThread: {Access Denied} A process has requested access to an object, but has not been granted those access rights. (0xc0000022)
[1123/203922.399:ERROR:exception_snapshot_win.cc(99)] thread ID 6404 not found in process
[1123/204142.593:ERROR:process_reader_win.cc(123)] NtOpenThread: {Access Denied} A process has requested access to an object, but has not been granted those access rights. (0xc0000022)
[1123/204142.594:ERROR:exception_snapshot_win.cc(99)] thread ID 3712 not found in process
[1123/204142.595:ERROR:process_reader_win.cc(123)] NtOpenThread: {Access Denied} A process has requested access to an object, but has not been granted those access rights. (0xc0000022)
[1123/204142.595:ERROR:exception_snapshot_win.cc(99)] thread ID 15172 not found in process
[1123/204142.595:ERROR:process_reader_win.cc(123)] NtOpenThread: {Access Denied} A process has requested access to an object, but has not been granted those access rights. (0xc0000022)
[1123/204142.595:ERROR:exception_snapshot_win.cc(99)] thread ID 17276 not found in process
[1123/204142.611:ERROR:process_reader_win.cc(123)] NtOpenThread: {Access Denied} A process has requested access to an object, but has not been granted those access rights. (0xc0000022)
[1123/204142.611:ERROR:exception_snapshot_win.cc(99)] thread ID 10948 not found in process
[1123/204142.614:ERROR:process_reader_win.cc(123)] NtOpenThread: {Access Denied} A process has requested access to an object, but has not been granted those access rights. (0xc0000022)
[1123/204142.615:ERROR:exception_snapshot_win.cc(99)] thread ID 15216 not found in process
[1123/204142.635:ERROR:process_reader_win.cc(123)] NtOpenThread: {Access Denied} A process has requested access to an object, but has not been granted those access rights. (0xc0000022)
[1123/204142.635:ERROR:exception_snapshot_win.cc(99)] thread ID 11360 not found in process
[1123/204353.324:ERROR:process_reader_win.cc(123)] NtOpenThread: {Access Denied} A process has requested access to an object, but has not been granted those access rights. (0xc0000022)
[1123/204353.324:ERROR:process_reader_win.cc(123)] NtOpenThread: {Access Denied} A process has requested access to an object, but has not been granted those access rights. (0xc0000022)
[1123/204353.325:ERROR:exception_snapshot_win.cc(99)] thread ID 17460 not found in process
[1123/204353.325:ERROR:exception_snapshot_win.cc(99)] thread ID 5968 not found in process
[1123/204353.327:ERROR:process_reader_win.cc(123)] NtOpenThread: {Access Denied} A process has requested access to an object, but has not been granted those access rights. (0xc0000022)
[1123/204353.327:ERROR:exception_snapshot_win.cc(99)] thread ID 14556 not found in process
[1123/204353.333:ERROR:process_reader_win.cc(123)] NtOpenThread: {Access Denied} A process has requested access to an object, but has not been granted those access rights. (0xc0000022)
[1123/204353.333:ERROR:exception_snapshot_win.cc(99)] thread ID 10864 not found in process
[1123/204353.338:ERROR:process_reader_win.cc(123)] NtOpenThread: {Access Denied} A process has requested access to an object, but has not been granted those access rights. (0xc0000022)
[1123/204353.338:ERROR:exception_snapshot_win.cc(99)] thread ID 16284 not found in process
[1123/204546.349:ERROR:process_reader_win.cc(123)] NtOpenThread: {Access Denied} A process has requested access to an object, but has not been granted those access rights. (0xc0000022)
[1123/204546.349:ERROR:process_reader_win.cc(123)] NtOpenThread: {Access Denied} A process has requested access to an object, but has not been granted those access rights. (0xc0000022)
[1123/204546.350:ERROR:exception_snapshot_win.cc(99)] thread ID 1236 not found in process
[1123/204546.350:ERROR:exception_snapshot_win.cc(99)] thread ID 11408 not found in process
[1123/204546.351:ERROR:process_reader_win.cc(123)] NtOpenThread: {Access Denied} A process has requested access to an object, but has not been granted those access rights. (0xc0000022)
[1123/204546.351:ERROR:exception_snapshot_win.cc(99)] thread ID 12112 not found in process
[1123/204546.354:ERROR:process_reader_win.cc(123)] NtOpenThread: {Access Denied} A process has requested access to an object, but has not been granted those access rights. (0xc0000022)
[1123/204546.355:ERROR:exception_snapshot_win.cc(99)] thread ID 2424 not found in process
[1123/204546.362:ERROR:process_reader_win.cc(123)] NtOpenThread: {Access Denied} A process has requested access to an object, but has not been granted those access rights. (0xc0000022)
[1123/204546.362:ERROR:exception_snapshot_win.cc(99)] thread ID 5700 not found in process
[1123/204546.364:ERROR:process_reader_win.cc(123)] NtOpenThread: {Access Denied} A process has requested access to an object, but has not been granted those access rights. (0xc0000022)
[1123/204546.364:ERROR:exception_snapshot_win.cc(99)] thread ID 7892 not found in process
[1123/205257.829:ERROR:process_reader_win.cc(123)] NtOpenThread: {Access Denied} A process has requested access to an object, but has not been granted those access rights. (0xc0000022)
[1123/205257.829:ERROR:process_reader_win.cc(123)] NtOpenThread: {Access Denied} A process has requested access to an object, but has not been granted those access rights. (0xc0000022)
[1123/205257.830:ERROR:exception_snapshot_win.cc(99)] thread ID 14580 not found in process
[1123/205257.830:ERROR:exception_snapshot_win.cc(99)] thread ID 2732 not found in process
[1123/205257.832:ERROR:process_reader_win.cc(123)] NtOpenThread: {Access Denied} A process has requested access to an object, but has not been granted those access rights. (0xc0000022)
[1123/205257.832:ERROR:exception_snapshot_win.cc(99)] thread ID 10876 not found in process
[1123/205257.840:ERROR:process_reader_win.cc(123)] NtOpenThread: {Access Denied} A process has requested access to an object, but has not been granted those access rights. (0xc0000022)
[1123/205257.840:ERROR:process_reader_win.cc(123)] NtOpenThread: {Access Denied} A process has requested access to an object, but has not been granted those access rights. (0xc0000022)
[1123/205257.840:ERROR:exception_snapshot_win.cc(99)] thread ID 172 not found in process
[1123/205257.840:ERROR:exception_snapshot_win.cc(99)] thread ID 12880 not found in process
[1123/211506.583:ERROR:directory_reader_win.cc(43)] FindFirstFile: The system cannot find the path specified. (0x3)
[1123/214714.787:ERROR:process_reader_win.cc(123)] NtOpenThread: {Access Denied} A process has requested access to an object, but has not been granted those access rights. (0xc0000022)
[1123/214714.788:ERROR:exception_snapshot_win.cc(99)] thread ID 19040 not found in process
[1123/214714.788:ERROR:process_reader_win.cc(123)] NtOpenThread: {Access Denied} A process has requested access to an object, but has not been granted those access rights. (0xc0000022)
[1123/214714.788:ERROR:exception_snapshot_win.cc(99)] thread ID 10560 not found in process
[1123/214714.790:ERROR:process_reader_win.cc(123)] NtOpenThread: {Access Denied} A process has requested access to an object, but has not been granted those access rights. (0xc0000022)
[1123/214714.790:ERROR:process_reader_win.cc(123)] NtOpenThread: {Access Denied} A process has requested access to an object, but has not been granted those access rights. (0xc0000022)
[1123/214714.790:ERROR:exception_snapshot_win.cc(99)] thread ID 4676 not found in process
[1123/214714.790:ERROR:exception_snapshot_win.cc(99)] thread ID 18888 not found in process
[1123/214714.794:ERROR:process_reader_win.cc(123)] NtOpenThread: {Access Denied} A process has requested access to an object, but has not been granted those access rights. (0xc0000022)
[1123/214714.794:ERROR:exception_snapshot_win.cc(99)] thread ID 14188 not found in process
[1123/214714.798:ERROR:process_reader_win.cc(123)] NtOpenThread: {Access Denied} A process has requested access to an object, but has not been granted those access rights. (0xc0000022)
[1123/214714.798:ERROR:exception_snapshot_win.cc(99)] thread ID 14324 not found in process
[1123/214714.801:ERROR:process_reader_win.cc(123)] NtOpenThread: {Access Denied} A process has requested access to an object, but has not been granted those access rights. (0xc0000022)
[1123/214714.801:ERROR:exception_snapshot_win.cc(99)] thread ID 1504 not found in process
[1124/132635.050:ERROR:directory_reader_win.cc(43)] FindFirstFile: The system cannot find the path specified. (0x3)
[1124/160027.240:ERROR:directory_reader_win.cc(43)] FindFirstFile: The system cannot find the path specified. (0x3)
[1124/164748.527:ERROR:directory_reader_win.cc(43)] FindFirstFile: The system cannot find the path specified. (0x3)
[1124/164951.182:ERROR:directory_reader_win.cc(43)] FindFirstFile: The system cannot find the path specified. (0x3)
[1124/170222.671:ERROR:directory_reader_win.cc(43)] FindFirstFile: The system cannot find the path specified. (0x3)
[1124/174101.547:ERROR:directory_reader_win.cc(43)] FindFirstFile: The system cannot find the path specified. (0x3)
